Unity Editor version:    2021.3.12f1 (8af3c3e441b1)
Branch:                  2021.3/release
Build type:              Release
Batch mode:              YES
macOS version:           Version 12.4 (Build 21F79)
Darwin version:          21.5.0
Architecture:            arm64
Running under Rosetta:   NO
Available memory:        8192 MB
Using pre-set license
Pro License: YES

COMMAND LINE ARGUMENTS:
/Applications/Unity/Hub/Editor/2021.3.12f1/Unity.app/Contents/MacOS/Unity
-adb2
-batchMode
-noUpm
-name
AssetImportWorker1
-projectPath
/Users/chlareinjoe/Documents/UnityProjects/TheTerrainL
-logFile
Logs/AssetImportWorker1.log
-srvPort
51139
Successfully changed project path to: /Users/chlareinjoe/Documents/UnityProjects/TheTerrainL
/Users/chlareinjoe/Documents/UnityProjects/TheTerrainL
[UnityMemory] Configuration Parameters - Can be set up in boot.config
    "memorysetup-bucket-allocator-granularity=16"
    "memorysetup-bucket-allocator-bucket-count=8"
    "memorysetup-bucket-allocator-block-size=33554432"
    "memorysetup-bucket-allocator-block-count=8"
    "memorysetup-main-allocator-block-size=16777216"
    "memorysetup-thread-allocator-block-size=16777216"
    "memorysetup-gfx-main-allocator-block-size=16777216"
    "memorysetup-gfx-thread-allocator-block-size=16777216"
    "memorysetup-cache-allocator-block-size=4194304"
    "memorysetup-typetree-allocator-block-size=2097152"
    "memorysetup-profiler-bucket-allocator-granularity=16"
    "memorysetup-profiler-bucket-allocator-bucket-count=8"
    "memorysetup-profiler-bucket-allocator-block-size=33554432"
    "memorysetup-profiler-bucket-allocator-block-count=8"
    "memorysetup-profiler-allocator-block-size=16777216"
    "memorysetup-profiler-editor-allocator-block-size=1048576"
    "memorysetup-temp-allocator-size-main=16777216"
    "memorysetup-job-temp-allocator-block-size=2097152"
    "memorysetup-job-temp-allocator-block-size-background=1048576"
    "memorysetup-job-temp-allocator-reduction-small-platforms=262144"
    "memorysetup-temp-allocator-size-background-worker=32768"
    "memorysetup-temp-allocator-size-job-worker=262144"
    "memorysetup-temp-allocator-size-preload-manager=33554432"
    "memorysetup-temp-allocator-size-nav-mesh-worker=65536"
    "memorysetup-temp-allocator-size-audio-worker=65536"
    "memorysetup-temp-allocator-size-cloud-worker=32768"
    "memorysetup-temp-allocator-size-gi-baking-worker=262144"
    "memorysetup-temp-allocator-size-gfx=262144"
Refreshing native plugins compatible for Editor in 111.67 ms, found 2 plugins.
Preloading 0 native plugins for Editor in 0.00 ms.
Initialize engine version: 2021.3.12f1 (8af3c3e441b1)
[Subsystems] Discovering subsystems at path /Applications/Unity/Hub/Editor/2021.3.12f1/Unity.app/Contents/Resources/UnitySubsystems
[Subsystems] Discovering subsystems at path /Users/chlareinjoe/Documents/UnityProjects/TheTerrainL/Assets
GfxDevice: creating device client; threaded=0; jobified=0
 preferred device: Apple M1 (high power)
Metal devices available: 1
0: Apple M1 (high power)
Using device Apple M1 (high power)
Initializing Metal device caps: Apple M1
Initialize mono
Mono path[0] = '/Applications/Unity/Hub/Editor/2021.3.12f1/Unity.app/Contents/Managed'
Mono path[1] = '/Applications/Unity/Hub/Editor/2021.3.12f1/Unity.app/Contents/MonoBleedingEdge/lib/mono/unityjit-macos'
Mono config path = '/Applications/Unity/Hub/Editor/2021.3.12f1/Unity.app/Contents/MonoBleedingEdge/etc'
Using monoOptions --debugger-agent=transport=dt_socket,embedding=1,server=y,suspend=n,address=127.0.0.1:56515
Begin MonoManager ReloadAssembly
Registering precompiled unity dll's ...
Register platform support module: /Applications/Unity/Hub/Editor/2021.3.12f1/Unity.app/Contents/PlaybackEngines/MacStandaloneSupport/UnityEditor.OSXStandalone.Extensions.dll
Registered in 0.001197 seconds.
Native extension for OSXStandalone target not found
Refreshing native plugins compatible for Editor in 77.69 ms, found 2 plugins.
Preloading 0 native plugins for Editor in 0.00 ms.
Mono: successfully reloaded assembly
- Completed reload, in  0.506 seconds
Domain Reload Profiling:
	ReloadAssembly (506ms)
		BeginReloadAssembly (74ms)
			ExecutionOrderSort (0ms)
			DisableScriptedObjects (0ms)
			BackupInstance (0ms)
			ReleaseScriptingObjects (0ms)
			CreateAndSetChildDomain (1ms)
		EndReloadAssembly (346ms)
			LoadAssemblies (78ms)
			RebuildTransferFunctionScriptingTraits (2ms)
			SetupTypeCache (79ms)
			ReleaseScriptCaches (0ms)
			RebuildScriptCaches (19ms)
			SetupLoadedEditorAssemblies (212ms)
				LogAssemblyErrors (0ms)
				InitializePlatformSupportModulesInManaged (3ms)
				SetLoadedEditorAssemblies (0ms)
				RefreshPlugins (78ms)
				BeforeProcessingInitializeOnLoad (1ms)
				ProcessInitializeOnLoadAttributes (103ms)
				ProcessInitializeOnLoadMethodAttributes (27ms)
				AfterProcessingInitializeOnLoad (0ms)
				EditorAssembliesLoaded (0ms)
			ExecutionOrderSort2 (0ms)
			AwakeInstancesAfterBackupRestoration (0ms)
Platform modules already initialized, skipping
Registering precompiled user dll's ...
Registered in 0.010686 seconds.
Begin MonoManager ReloadAssembly
Symbol file LoadedFromMemory doesn't match image /Users/chlareinjoe/Documents/UnityProjects/TheTerrainL/Library/PackageCache/com.unity.visualscripting@1.7.8/Editor/VisualScripting.Core/Dependencies/YamlDotNet/Unity.VisualScripting.YamlDotNet.dll
Symbol file LoadedFromMemory doesn't match image /Users/chlareinjoe/Documents/UnityProjects/TheTerrainL/Library/PackageCache/com.unity.visualscripting@1.7.8/Editor/VisualScripting.Core/Dependencies/DotNetZip/Unity.VisualScripting.IonicZip.dll
Native extension for OSXStandalone target not found
Refreshing native plugins compatible for Editor in 76.59 ms, found 2 plugins.
Preloading 0 native plugins for Editor in 0.00 ms.
Mono: successfully reloaded assembly
- Completed reload, in  1.005 seconds
Domain Reload Profiling:
	ReloadAssembly (1005ms)
		BeginReloadAssembly (78ms)
			ExecutionOrderSort (0ms)
			DisableScriptedObjects (4ms)
			BackupInstance (0ms)
			ReleaseScriptingObjects (0ms)
			CreateAndSetChildDomain (21ms)
		EndReloadAssembly (845ms)
			LoadAssemblies (84ms)
			RebuildTransferFunctionScriptingTraits (0ms)
			SetupTypeCache (218ms)
			ReleaseScriptCaches (1ms)
			RebuildScriptCaches (36ms)
			SetupLoadedEditorAssemblies (390ms)
				LogAssemblyErrors (0ms)
				InitializePlatformSupportModulesInManaged (1ms)
				SetLoadedEditorAssemblies (0ms)
				RefreshPlugins (77ms)
				BeforeProcessingInitializeOnLoad (59ms)
				ProcessInitializeOnLoadAttributes (206ms)
				ProcessInitializeOnLoadMethodAttributes (46ms)
				AfterProcessingInitializeOnLoad (1ms)
				EditorAssembliesLoaded (0ms)
			ExecutionOrderSort2 (0ms)
			AwakeInstancesAfterBackupRestoration (2ms)
Platform modules already initialized, skipping
========================================================================
Worker process is ready to serve import requests
Launching external process: /Applications/Unity/Hub/Editor/2021.3.12f1/Unity.app/Contents/Tools/UnityShaderCompiler
Launched and connected shader compiler UnityShaderCompiler after 0.26 seconds
Refreshing native plugins compatible for Editor in 0.61 ms, found 2 plugins.
Preloading 0 native plugins for Editor in 0.00 ms.
Unloading 3771 Unused Serialized files (Serialized files now loaded: 0)
Unloading 48 unused Assets / (1.8 MB). Loaded Objects now: 4259.
Memory consumption went from 278.4 MB to 276.6 MB.
Total: 3.220542 ms (FindLiveObjects: 0.241375 ms CreateObjectMapping: 0.071625 ms MarkObjects: 2.585167 ms  DeleteObjects: 0.321292 ms)

AssetImportParameters requested are different than current active one (requested -> active):
  custom:video-decoder-ogg-theora: a1e56fd34408186e4bbccfd4996cb3dc -> 
  custom:container-muxer-webm: aa71ff27fc2769a1b78a27578f13a17b -> 
  custom:container-demuxer-webm: 4f35f7cbe854078d1ac9338744f61a02 -> 
  custom:video-encoder-webm-vp8: eb34c28f22e8b96e1ab97ce403110664 -> 
  custom:framework-osx-AVFoundation: e770b220cccbd017edd2c1fefb359320 -> 
  custom:audio-encoder-webm-vorbis: bf7c407c2cedff20999df2af8eb42d56 -> 
  custom:container-demuxer-ogg: 62fdf1f143b41e24485cea50d1cbac27 -> 
  custom:video-decoder-webm-vp8: 9c59270c3fd7afecdb556c50c9e8de78 -> 
  custom:audio-decoder-ogg-vorbis: bf7c407c2cedff20999df2af8eb42d56 -> 
========================================================================
Received Prepare
Registering precompiled user dll's ...
Registered in 0.002202 seconds.
Begin MonoManager ReloadAssembly
Thread 0x292ee3000 may have been prematurely finalized
Symbol file LoadedFromMemory doesn't match image /Users/chlareinjoe/Documents/UnityProjects/TheTerrainL/Library/PackageCache/com.unity.visualscripting@1.7.8/Editor/VisualScripting.Core/Dependencies/YamlDotNet/Unity.VisualScripting.YamlDotNet.dll
Symbol file LoadedFromMemory doesn't match image /Users/chlareinjoe/Documents/UnityProjects/TheTerrainL/Library/PackageCache/com.unity.visualscripting@1.7.8/Editor/VisualScripting.Core/Dependencies/DotNetZip/Unity.VisualScripting.IonicZip.dll
Native extension for OSXStandalone target not found
Refreshing native plugins compatible for Editor in 80.30 ms, found 2 plugins.
Preloading 0 native plugins for Editor in 0.00 ms.
Mono: successfully reloaded assembly
- Completed reload, in  1.049 seconds
Domain Reload Profiling:
	ReloadAssembly (1050ms)
		BeginReloadAssembly (252ms)
			ExecutionOrderSort (0ms)
			DisableScriptedObjects (11ms)
			BackupInstance (0ms)
			ReleaseScriptingObjects (0ms)
			CreateAndSetChildDomain (85ms)
		EndReloadAssembly (726ms)
			LoadAssemblies (69ms)
			RebuildTransferFunctionScriptingTraits (0ms)
			SetupTypeCache (218ms)
			ReleaseScriptCaches (1ms)
			RebuildScriptCaches (27ms)
			SetupLoadedEditorAssemblies (331ms)
				LogAssemblyErrors (0ms)
				InitializePlatformSupportModulesInManaged (6ms)
				SetLoadedEditorAssemblies (0ms)
				RefreshPlugins (80ms)
				BeforeProcessingInitializeOnLoad (38ms)
				ProcessInitializeOnLoadAttributes (168ms)
				ProcessInitializeOnLoadMethodAttributes (38ms)
				AfterProcessingInitializeOnLoad (1ms)
				EditorAssembliesLoaded (0ms)
			ExecutionOrderSort2 (0ms)
			AwakeInstancesAfterBackupRestoration (2ms)
Platform modules already initialized, skipping
Refreshing native plugins compatible for Editor in 1.55 ms, found 2 plugins.
Preloading 0 native plugins for Editor in 0.00 ms.
Unloading 3753 Unused Serialized files (Serialized files now loaded: 0)
Unloading 40 unused Assets / (1.8 MB). Loaded Objects now: 4262.
Memory consumption went from 279.8 MB to 278.0 MB.
Total: 6.186708 ms (FindLiveObjects: 0.128625 ms CreateObjectMapping: 0.047083 ms MarkObjects: 5.755209 ms  DeleteObjects: 0.254875 ms)

AssetImportParameters requested are different than current active one (requested -> active):
  custom:video-decoder-ogg-theora: a1e56fd34408186e4bbccfd4996cb3dc -> 
  custom:container-muxer-webm: aa71ff27fc2769a1b78a27578f13a17b -> 
  custom:container-demuxer-webm: 4f35f7cbe854078d1ac9338744f61a02 -> 
  custom:video-encoder-webm-vp8: eb34c28f22e8b96e1ab97ce403110664 -> 
  custom:framework-osx-AVFoundation: e770b220cccbd017edd2c1fefb359320 -> 
  custom:audio-encoder-webm-vorbis: bf7c407c2cedff20999df2af8eb42d56 -> 
  custom:container-demuxer-ogg: 62fdf1f143b41e24485cea50d1cbac27 -> 
  custom:video-decoder-webm-vp8: 9c59270c3fd7afecdb556c50c9e8de78 -> 
  custom:audio-decoder-ogg-vorbis: bf7c407c2cedff20999df2af8eb42d56 -> 
========================================================================
Received Prepare
Registering precompiled user dll's ...
Registered in 0.002196 seconds.
Begin MonoManager ReloadAssembly
Thread 0x16def3000 may have been prematurely finalized
Symbol file LoadedFromMemory doesn't match image /Users/chlareinjoe/Documents/UnityProjects/TheTerrainL/Library/PackageCache/com.unity.visualscripting@1.7.8/Editor/VisualScripting.Core/Dependencies/YamlDotNet/Unity.VisualScripting.YamlDotNet.dll
Symbol file LoadedFromMemory doesn't match image /Users/chlareinjoe/Documents/UnityProjects/TheTerrainL/Library/PackageCache/com.unity.visualscripting@1.7.8/Editor/VisualScripting.Core/Dependencies/DotNetZip/Unity.VisualScripting.IonicZip.dll
Native extension for OSXStandalone target not found
Refreshing native plugins compatible for Editor in 0.58 ms, found 2 plugins.
Preloading 0 native plugins for Editor in 0.00 ms.
Mono: successfully reloaded assembly
- Completed reload, in  0.937 seconds
Domain Reload Profiling:
	ReloadAssembly (937ms)
		BeginReloadAssembly (173ms)
			ExecutionOrderSort (0ms)
			DisableScriptedObjects (5ms)
			BackupInstance (0ms)
			ReleaseScriptingObjects (0ms)
			CreateAndSetChildDomain (66ms)
		EndReloadAssembly (695ms)
			LoadAssemblies (54ms)
			RebuildTransferFunctionScriptingTraits (0ms)
			SetupTypeCache (218ms)
			ReleaseScriptCaches (2ms)
			RebuildScriptCaches (33ms)
			SetupLoadedEditorAssemblies (261ms)
				LogAssemblyErrors (0ms)
				InitializePlatformSupportModulesInManaged (5ms)
				SetLoadedEditorAssemblies (0ms)
				RefreshPlugins (1ms)
				BeforeProcessingInitializeOnLoad (40ms)
				ProcessInitializeOnLoadAttributes (156ms)
				ProcessInitializeOnLoadMethodAttributes (58ms)
				AfterProcessingInitializeOnLoad (1ms)
				EditorAssembliesLoaded (0ms)
			ExecutionOrderSort2 (0ms)
			AwakeInstancesAfterBackupRestoration (4ms)
Platform modules already initialized, skipping
Refreshing native plugins compatible for Editor in 2.41 ms, found 2 plugins.
Preloading 0 native plugins for Editor in 0.00 ms.
Unloading 3754 Unused Serialized files (Serialized files now loaded: 0)
Unloading 39 unused Assets / (1.8 MB). Loaded Objects now: 4267.
Memory consumption went from 280.1 MB to 278.3 MB.
Total: 4.082541 ms (FindLiveObjects: 0.172500 ms CreateObjectMapping: 0.062209 ms MarkObjects: 3.573500 ms  DeleteObjects: 0.273542 ms)

AssetImportParameters requested are different than current active one (requested -> active):
  custom:video-decoder-ogg-theora: a1e56fd34408186e4bbccfd4996cb3dc -> 
  custom:container-muxer-webm: aa71ff27fc2769a1b78a27578f13a17b -> 
  custom:container-demuxer-webm: 4f35f7cbe854078d1ac9338744f61a02 -> 
  custom:video-encoder-webm-vp8: eb34c28f22e8b96e1ab97ce403110664 -> 
  custom:framework-osx-AVFoundation: e770b220cccbd017edd2c1fefb359320 -> 
  custom:audio-encoder-webm-vorbis: bf7c407c2cedff20999df2af8eb42d56 -> 
  custom:container-demuxer-ogg: 62fdf1f143b41e24485cea50d1cbac27 -> 
  custom:video-decoder-webm-vp8: 9c59270c3fd7afecdb556c50c9e8de78 -> 
  custom:audio-decoder-ogg-vorbis: bf7c407c2cedff20999df2af8eb42d56 -> 
========================================================================
Received Import Request.
  Time since last request: 1776097.630014 seconds.
  path: Assets/StarSparrow/Textures/BonusContent/Asteroids/AsteroidsLava_EmissionRed.png
  artifactKey: Guid(e313900dfc5e97e418383a91c126fe36) Importer(815301076,1909f56bfc062723c751e8b465ee728b)
Start importing Assets/StarSparrow/Textures/BonusContent/Asteroids/AsteroidsLava_EmissionRed.png using Guid(e313900dfc5e97e418383a91c126fe36) Importer(815301076,1909f56bfc062723c751e8b465ee728b)  -> (artifact id: '697e2cb2a46512abf5c7a2a9b642b69d') in 0.870595 seconds 
========================================================================
Received Import Request.
  Time since last request: 0.000543 seconds.
  path: Assets/StarSparrow/Textures/BonusContent/Asteroids/AsteroidsLava_Normal.png
  artifactKey: Guid(3f67e2f5233dc6546a70f67b5c084495) Importer(815301076,1909f56bfc062723c751e8b465ee728b)
Start importing Assets/StarSparrow/Textures/BonusContent/Asteroids/AsteroidsLava_Normal.png using Guid(3f67e2f5233dc6546a70f67b5c084495) Importer(815301076,1909f56bfc062723c751e8b465ee728b)  -> (artifact id: '85a473027f98075ddb7b00f34d990665') in 0.050122 seconds 
========================================================================
Received Import Request.
  Time since last request: 0.000120 seconds.
  path: Assets/StarSparrow/Materials/BonusContent/Bomb.mat
  artifactKey: Guid(2d81e0bd71e79784199dbdf6880a51e6) Importer(815301076,1909f56bfc062723c751e8b465ee728b)
Start importing Assets/StarSparrow/Materials/BonusContent/Bomb.mat using Guid(2d81e0bd71e79784199dbdf6880a51e6) Importer(815301076,1909f56bfc062723c751e8b465ee728b)  -> (artifact id: 'ce4ba1f4bda7d6e5f48300535ab59cb9') in 0.222217 seconds 
========================================================================
Received Import Request.
  Time since last request: 0.000063 seconds.
  path: Assets/StarSparrow/Textures/BonusContent/MissileBomb/Bomb_Emission.png
  artifactKey: Guid(ef46d1ea853d99e4fbaf7d2049aa1537) Importer(815301076,1909f56bfc062723c751e8b465ee728b)
Start importing Assets/StarSparrow/Textures/BonusContent/MissileBomb/Bomb_Emission.png using Guid(ef46d1ea853d99e4fbaf7d2049aa1537) Importer(815301076,1909f56bfc062723c751e8b465ee728b)  -> (artifact id: '31ffcc895af9a3cb9882cb6938f21c8c') in 0.007327 seconds 
========================================================================
Received Import Request.
  Time since last request: 1.436181 seconds.
  path: Assets/Numena/Plants/Lemon/Source/lemon 3 terrain mesh.asset
  artifactKey: Guid(9cebe566ed4bc914a911431512a808a6) Importer(815301076,1909f56bfc062723c751e8b465ee728b)
Start importing Assets/Numena/Plants/Lemon/Source/lemon 3 terrain mesh.asset using Guid(9cebe566ed4bc914a911431512a808a6) Importer(815301076,1909f56bfc062723c751e8b465ee728b)  -> (artifact id: 'd3abcfc3b64efc2f1e35eb7611f81116') in 0.100030 seconds 
========================================================================
Received Import Request.
  Time since last request: 43.374970 seconds.
  path: Assets/Visual Design Cafe/Nature Renderer Demo/Realistic/Timeline/Camera Gizmo.png
  artifactKey: Guid(565b6f0f45037184e8bab089fbd46d71) Importer(815301076,1909f56bfc062723c751e8b465ee728b)
Start importing Assets/Visual Design Cafe/Nature Renderer Demo/Realistic/Timeline/Camera Gizmo.png using Guid(565b6f0f45037184e8bab089fbd46d71) Importer(815301076,1909f56bfc062723c751e8b465ee728b)  -> (artifact id: '3af1f789d0571c534d10e3ead4040b62') in 0.134703 seconds 
========================================================================
Received Import Request.
  Time since last request: 0.000601 seconds.
  path: Assets/Visual Design Cafe/Nature Renderer Demo/Realistic/Timeline/Camera Gizmo URP.mat
  artifactKey: Guid(5a6c29789c8807d499039619319289bd) Importer(815301076,1909f56bfc062723c751e8b465ee728b)
Start importing Assets/Visual Design Cafe/Nature Renderer Demo/Realistic/Timeline/Camera Gizmo URP.mat using Guid(5a6c29789c8807d499039619319289bd) Importer(815301076,1909f56bfc062723c751e8b465ee728b)  -> (artifact id: 'bd5233700078b82d4872853e13498a48') in 0.038314 seconds 
========================================================================
Received Import Request.
  Time since last request: 0.000084 seconds.
  path: Assets/Visual Design Cafe/Nature Renderer Demo/Realistic/Timeline/Camera Gizmo.mat
  artifactKey: Guid(3f90e092079cb3d4ca36fbbea6236408) Importer(815301076,1909f56bfc062723c751e8b465ee728b)
Start importing Assets/Visual Design Cafe/Nature Renderer Demo/Realistic/Timeline/Camera Gizmo.mat using Guid(3f90e092079cb3d4ca36fbbea6236408) Importer(815301076,1909f56bfc062723c751e8b465ee728b)  -> (artifact id: 'f422aa79f2e3bd8c00a819bf57485f4e') in 0.181525 seconds 
========================================================================
Received Import Request.
  Time since last request: 0.000077 seconds.
  path: Assets/Geopipe/Pack02/NYBlock02/Textures/facade_metal_2.png
  artifactKey: Guid(0b93879946e8c9543bd82dae26098de5) Importer(815301076,1909f56bfc062723c751e8b465ee728b)
Start importing Assets/Geopipe/Pack02/NYBlock02/Textures/facade_metal_2.png using Guid(0b93879946e8c9543bd82dae26098de5) Importer(815301076,1909f56bfc062723c751e8b465ee728b)  -> (artifact id: 'f587a6e810f8dc6b865cb7d9e1b5d215') in 0.006642 seconds 
========================================================================
Received Import Request.
  Time since last request: 5.214895 seconds.
  path: Assets/EgyptMonsters/Demo/DemoAssets/Meshes/Tree.FBX
  artifactKey: Guid(02577ea8262457448a3e86c583437126) Importer(815301076,1909f56bfc062723c751e8b465ee728b)
Start importing Assets/EgyptMonsters/Demo/DemoAssets/Meshes/Tree.FBX using Guid(02577ea8262457448a3e86c583437126) Importer(815301076,1909f56bfc062723c751e8b465ee728b)  -> (artifact id: 'cd0118623526996314d26a050b0cacae') in 0.105350 seconds 
========================================================================
Received Import Request.
  Time since last request: 76.752895 seconds.
  path: Assets/StarSparrow/Meshes/BonusContent/MinesSample.FBX
  artifactKey: Guid(6ed599d7224ee9943b11064add7ed981) Importer(815301076,1909f56bfc062723c751e8b465ee728b)
Start importing Assets/StarSparrow/Meshes/BonusContent/MinesSample.FBX using Guid(6ed599d7224ee9943b11064add7ed981) Importer(815301076,1909f56bfc062723c751e8b465ee728b)  -> (artifact id: '197e89135bcbc96c664e23ef13967fe7') in 0.121805 seconds 
========================================================================
Received Import Request.
  Time since last request: 0.000802 seconds.
  path: Assets/StarSparrow/Meshes/BonusContent/MissilesSample.FBX
  artifactKey: Guid(afbbf42a35d3ca347aea29a1457035cc) Importer(815301076,1909f56bfc062723c751e8b465ee728b)
Start importing Assets/StarSparrow/Meshes/BonusContent/MissilesSample.FBX using Guid(afbbf42a35d3ca347aea29a1457035cc) Importer(815301076,1909f56bfc062723c751e8b465ee728b)  -> (artifact id: '79f429d2772b2da4536affe61b9800b0') in 0.055346 seconds 
========================================================================
Received Import Request.
  Time since last request: 0.000083 seconds.
  path: Assets/StarSparrow/Meshes/BonusContent/StarSparrow_Modules_LP_Red.fbx
  artifactKey: Guid(810271bfc83db0542896feced51cf3ae) Importer(815301076,1909f56bfc062723c751e8b465ee728b)
Start importing Assets/StarSparrow/Meshes/BonusContent/StarSparrow_Modules_LP_Red.fbx using Guid(810271bfc83db0542896feced51cf3ae) Importer(815301076,1909f56bfc062723c751e8b465ee728b)  -> (artifact id: '1a5d8e1d8ab78262a321653d9a9351bb') in 0.178113 seconds 
========================================================================
Received Import Request.
  Time since last request: 267.714255 seconds.
  path: Assets/EgyptMonsters/Effects/Eagles/Eagle_Scratch.png
  artifactKey: Guid(baafe8ada62173e47a60ef975cc11c8a) Importer(815301076,1909f56bfc062723c751e8b465ee728b)
Start importing Assets/EgyptMonsters/Effects/Eagles/Eagle_Scratch.png using Guid(baafe8ada62173e47a60ef975cc11c8a) Importer(815301076,1909f56bfc062723c751e8b465ee728b)  -> (artifact id: '86b860b068ac5445812d4afc7f079215') in 0.088838 seconds 
========================================================================
Received Import Request.
  Time since last request: 24.615988 seconds.
  path: Assets/StarSparrow/Textures/BonusContent/Asteroids/AsteroidsLava_Blue.png
  artifactKey: Guid(9c6df97ed7064654ea974c842c85ea3d) Importer(815301076,1909f56bfc062723c751e8b465ee728b)
Start importing Assets/StarSparrow/Textures/BonusContent/Asteroids/AsteroidsLava_Blue.png using Guid(9c6df97ed7064654ea974c842c85ea3d) Importer(815301076,1909f56bfc062723c751e8b465ee728b)  -> (artifact id: '7592fbc4a7cc0728371b1df3ab11d9f6') in 0.097885 seconds 
========================================================================
Received Import Request.
  Time since last request: 0.000118 seconds.
  path: Assets/StarSparrow/Textures/BonusContent/Asteroids/AsteroidsLava_Grey.png
  artifactKey: Guid(795d73f8d514ef943bdeca72975d452d) Importer(815301076,1909f56bfc062723c751e8b465ee728b)
Start importing Assets/StarSparrow/Textures/BonusContent/Asteroids/AsteroidsLava_Grey.png using Guid(795d73f8d514ef943bdeca72975d452d) Importer(815301076,1909f56bfc062723c751e8b465ee728b)  -> (artifact id: '6be87cb8f0942ed781efcb91cf33bc8f') in 0.023759 seconds 
========================================================================
Received Import Request.
  Time since last request: 0.000087 seconds.
  path: Assets/StarSparrow/Textures/BonusContent/Asteroids/AsteroidsLava_Red.png
  artifactKey: Guid(5712fdd066d766b498459de6a869ba0e) Importer(815301076,1909f56bfc062723c751e8b465ee728b)
Start importing Assets/StarSparrow/Textures/BonusContent/Asteroids/AsteroidsLava_Red.png using Guid(5712fdd066d766b498459de6a869ba0e) Importer(815301076,1909f56bfc062723c751e8b465ee728b)  -> (artifact id: '674fe1c8be40703fd1cffd52adca8067') in 0.022916 seconds 
========================================================================
Received Import Request.
  Time since last request: 159.280315 seconds.
  path: Assets/Visual Design Cafe/Nature Renderer Demo/Realistic/Art/Trees/Source Assets/Cypress_Forest_Desktop.mat
  artifactKey: Guid(484d480047172944b92b8f1eff56fc5e) Importer(815301076,1909f56bfc062723c751e8b465ee728b)
Start importing Assets/Visual Design Cafe/Nature Renderer Demo/Realistic/Art/Trees/Source Assets/Cypress_Forest_Desktop.mat using Guid(484d480047172944b92b8f1eff56fc5e) Importer(815301076,1909f56bfc062723c751e8b465ee728b)  -> (artifact id: '31e826b01b75839d315029880d6e1947') in 1.280174 seconds 
========================================================================
Received Import Request.
  Time since last request: 0.000100 seconds.
  path: Assets/Visual Design Cafe/Nature Renderer Demo/Realistic/Art/Trees/Source Assets/Cypress_Forest_Desktop_Extra.tif
  artifactKey: Guid(aebf54decced33f468f69953ea94e151) Importer(815301076,1909f56bfc062723c751e8b465ee728b)
Start importing Assets/Visual Design Cafe/Nature Renderer Demo/Realistic/Art/Trees/Source Assets/Cypress_Forest_Desktop_Extra.tif using Guid(aebf54decced33f468f69953ea94e151) Importer(815301076,1909f56bfc062723c751e8b465ee728b)  -> (artifact id: 'ab268300ddea3b839eeb582d6ccf8d70') in 0.066917 seconds 
========================================================================
Received Import Request.
  Time since last request: 0.000063 seconds.
  path: Assets/Visual Design Cafe/Nature Renderer Demo/Realistic/Art/Trees/Source Assets/Cypress_Forest_Desktop_Billboard_Subsurface.tif
  artifactKey: Guid(64847124c71e4524abae0e94169c0405) Importer(815301076,1909f56bfc062723c751e8b465ee728b)
Start importing Assets/Visual Design Cafe/Nature Renderer Demo/Realistic/Art/Trees/Source Assets/Cypress_Forest_Desktop_Billboard_Subsurface.tif using Guid(64847124c71e4524abae0e94169c0405) Importer(815301076,1909f56bfc062723c751e8b465ee728b)  -> (artifact id: '76985099d5283692a8fddccc6d1a6668') in 0.009974 seconds 
========================================================================
Received Import Request.
  Time since last request: 0.000052 seconds.
  path: Assets/Visual Design Cafe/Nature Renderer Demo/Realistic/Art/Trees/Source Assets/Cypress_Forest_Desktop_Color.tif
  artifactKey: Guid(cf1ec094e4846ce4a80157b947bff0c5) Importer(815301076,1909f56bfc062723c751e8b465ee728b)
Start importing Assets/Visual Design Cafe/Nature Renderer Demo/Realistic/Art/Trees/Source Assets/Cypress_Forest_Desktop_Color.tif using Guid(cf1ec094e4846ce4a80157b947bff0c5) Importer(815301076,1909f56bfc062723c751e8b465ee728b)  -> (artifact id: '0119067a44ff6b946d65b50dda848c7d') in 0.012569 seconds 
========================================================================
Received Import Request.
  Time since last request: 0.000080 seconds.
  path: Assets/Visual Design Cafe/Nature Renderer Demo/Realistic/Art/Trees/Source Assets/Cypress_Forest_Desktop_Billboard_Extra.tif
  artifactKey: Guid(dbda5ab6f9a23bd46b831987f6a14c89) Importer(815301076,1909f56bfc062723c751e8b465ee728b)
Start importing Assets/Visual Design Cafe/Nature Renderer Demo/Realistic/Art/Trees/Source Assets/Cypress_Forest_Desktop_Billboard_Extra.tif using Guid(dbda5ab6f9a23bd46b831987f6a14c89) Importer(815301076,1909f56bfc062723c751e8b465ee728b)  -> (artifact id: '3778f5143273aec0de8eb0afe2c09cac') in 0.008109 seconds 
========================================================================
Received Import Request.
  Time since last request: 0.000034 seconds.
  path: Assets/Visual Design Cafe/Nature Renderer Demo/Realistic/Art/Trees/Source Assets/Cypress_Forest_Desktop_Billboard_Normal.tif
  artifactKey: Guid(28bb358aea79dd84b9d2480b3bf62a87) Importer(815301076,1909f56bfc062723c751e8b465ee728b)
Start importing Assets/Visual Design Cafe/Nature Renderer Demo/Realistic/Art/Trees/Source Assets/Cypress_Forest_Desktop_Billboard_Normal.tif using Guid(28bb358aea79dd84b9d2480b3bf62a87) Importer(815301076,1909f56bfc062723c751e8b465ee728b)  -> (artifact id: '5d8a94c47a4969367347e398b448b13f') in 0.010953 seconds 
========================================================================
Received Import Request.
  Time since last request: 0.000063 seconds.
  path: Assets/Visual Design Cafe/Nature Renderer Demo/Realistic/Art/Trees/Source Assets/Materials/Cypress_Forest_Desktop_Billboard.mat
  artifactKey: Guid(6e96b44ff17a7de4a859752d4aa68e3d) Importer(815301076,1909f56bfc062723c751e8b465ee728b)
Start importing Assets/Visual Design Cafe/Nature Renderer Demo/Realistic/Art/Trees/Source Assets/Materials/Cypress_Forest_Desktop_Billboard.mat using Guid(6e96b44ff17a7de4a859752d4aa68e3d) Importer(815301076,1909f56bfc062723c751e8b465ee728b)  -> (artifact id: 'd300e728ec68f28ac8dbed914fa21db5') in 0.023471 seconds 
========================================================================
Received Import Request.
  Time since last request: 1.141675 seconds.
  path: Assets/Visual Design Cafe/Nature Renderer Demo/Realistic/Realistic Demo Terrain.asset
  artifactKey: Guid(32bf9f2776c7c5442a2c79a4e29482e3) Importer(815301076,1909f56bfc062723c751e8b465ee728b)
Start importing Assets/Visual Design Cafe/Nature Renderer Demo/Realistic/Realistic Demo Terrain.asset using Guid(32bf9f2776c7c5442a2c79a4e29482e3) Importer(815301076,1909f56bfc062723c751e8b465ee728b)  -> (artifact id: '54e306be1012e40c0345c951061d5f26') in 0.148837 seconds 
========================================================================
Received Prepare
Registering precompiled user dll's ...
Registered in 0.003485 seconds.
Begin MonoManager ReloadAssembly
Thread 0x16def3000 may have been prematurely finalized
Symbol file LoadedFromMemory doesn't match image /Users/chlareinjoe/Documents/UnityProjects/TheTerrainL/Library/PackageCache/com.unity.visualscripting@1.7.8/Editor/VisualScripting.Core/Dependencies/YamlDotNet/Unity.VisualScripting.YamlDotNet.dll
Symbol file LoadedFromMemory doesn't match image /Users/chlareinjoe/Documents/UnityProjects/TheTerrainL/Library/PackageCache/com.unity.visualscripting@1.7.8/Editor/VisualScripting.Core/Dependencies/DotNetZip/Unity.VisualScripting.IonicZip.dll
Native extension for OSXStandalone target not found
Refreshing native plugins compatible for Editor in 3.84 ms, found 2 plugins.
Preloading 0 native plugins for Editor in 0.00 ms.
Mono: successfully reloaded assembly
- Completed reload, in  2.509 seconds
Domain Reload Profiling:
	ReloadAssembly (2612ms)
		BeginReloadAssembly (989ms)
			ExecutionOrderSort (0ms)
			DisableScriptedObjects (35ms)
			BackupInstance (0ms)
			ReleaseScriptingObjects (0ms)
			CreateAndSetChildDomain (422ms)
		EndReloadAssembly (1547ms)
			LoadAssemblies (456ms)
			RebuildTransferFunctionScriptingTraits (20ms)
			SetupTypeCache (435ms)
			ReleaseScriptCaches (97ms)
			RebuildScriptCaches (43ms)
			SetupLoadedEditorAssemblies (429ms)
				LogAssemblyErrors (0ms)
				InitializePlatformSupportModulesInManaged (11ms)
				SetLoadedEditorAssemblies (2ms)
				RefreshPlugins (4ms)
				BeforeProcessingInitializeOnLoad (48ms)
				ProcessInitializeOnLoadAttributes (216ms)
				ProcessInitializeOnLoadMethodAttributes (147ms)
				AfterProcessingInitializeOnLoad (1ms)
				EditorAssembliesLoaded (1ms)
			ExecutionOrderSort2 (0ms)
			AwakeInstancesAfterBackupRestoration (10ms)
Platform modules already initialized, skipping
Refreshing native plugins compatible for Editor in 1.63 ms, found 2 plugins.
Preloading 0 native plugins for Editor in 0.00 ms.
Unloading 3754 Unused Serialized files (Serialized files now loaded: 0)
Unloading 40 unused Assets / (1.8 MB). Loaded Objects now: 4322.
Memory consumption went from 312.5 MB to 310.7 MB.
Total: 5.154625 ms (FindLiveObjects: 0.130666 ms CreateObjectMapping: 0.070000 ms MarkObjects: 4.403750 ms  DeleteObjects: 0.549792 ms)

AssetImportParameters requested are different than current active one (requested -> active):
  custom:video-decoder-ogg-theora: a1e56fd34408186e4bbccfd4996cb3dc -> 
  custom:container-muxer-webm: aa71ff27fc2769a1b78a27578f13a17b -> 
  custom:container-demuxer-webm: 4f35f7cbe854078d1ac9338744f61a02 -> 
  custom:video-encoder-webm-vp8: eb34c28f22e8b96e1ab97ce403110664 -> 
  custom:framework-osx-AVFoundation: e770b220cccbd017edd2c1fefb359320 -> 
  custom:audio-encoder-webm-vorbis: bf7c407c2cedff20999df2af8eb42d56 -> 
  custom:container-demuxer-ogg: 62fdf1f143b41e24485cea50d1cbac27 -> 
  custom:video-decoder-webm-vp8: 9c59270c3fd7afecdb556c50c9e8de78 -> 
  custom:audio-decoder-ogg-vorbis: bf7c407c2cedff20999df2af8eb42d56 -> 
========================================================================
Received Prepare
Registering precompiled user dll's ...
Registered in 0.002566 seconds.
Begin MonoManager ReloadAssembly
Thread 0x16def3000 may have been prematurely finalized
Symbol file LoadedFromMemory doesn't match image /Users/chlareinjoe/Documents/UnityProjects/TheTerrainL/Library/PackageCache/com.unity.visualscripting@1.7.8/Editor/VisualScripting.Core/Dependencies/YamlDotNet/Unity.VisualScripting.YamlDotNet.dll
Symbol file LoadedFromMemory doesn't match image /Users/chlareinjoe/Documents/UnityProjects/TheTerrainL/Library/PackageCache/com.unity.visualscripting@1.7.8/Editor/VisualScripting.Core/Dependencies/DotNetZip/Unity.VisualScripting.IonicZip.dll
Native extension for OSXStandalone target not found
Refreshing native plugins compatible for Editor in 1.61 ms, found 2 plugins.
Preloading 0 native plugins for Editor in 0.00 ms.
Mono: successfully reloaded assembly
- Completed reload, in  1.118 seconds
Domain Reload Profiling:
	ReloadAssembly (1120ms)
		BeginReloadAssembly (305ms)
			ExecutionOrderSort (0ms)
			DisableScriptedObjects (7ms)
			BackupInstance (0ms)
			ReleaseScriptingObjects (0ms)
			CreateAndSetChildDomain (112ms)
		EndReloadAssembly (749ms)
			LoadAssemblies (141ms)
			RebuildTransferFunctionScriptingTraits (2ms)
			SetupTypeCache (247ms)
			ReleaseScriptCaches (3ms)
			RebuildScriptCaches (30ms)
			SetupLoadedEditorAssemblies (280ms)
				LogAssemblyErrors (0ms)
				InitializePlatformSupportModulesInManaged (5ms)
				SetLoadedEditorAssemblies (0ms)
				RefreshPlugins (2ms)
				BeforeProcessingInitializeOnLoad (41ms)
				ProcessInitializeOnLoadAttributes (189ms)
				ProcessInitializeOnLoadMethodAttributes (43ms)
				AfterProcessingInitializeOnLoad (1ms)
				EditorAssembliesLoaded (0ms)
			ExecutionOrderSort2 (0ms)
			AwakeInstancesAfterBackupRestoration (3ms)
Platform modules already initialized, skipping
Refreshing native plugins compatible for Editor in 3.52 ms, found 2 plugins.
Preloading 0 native plugins for Editor in 0.00 ms.
Unloading 3754 Unused Serialized files (Serialized files now loaded: 0)
Unloading 39 unused Assets / (1.8 MB). Loaded Objects now: 4327.
Memory consumption went from 312.7 MB to 310.9 MB.
Total: 3.173209 ms (FindLiveObjects: 0.119583 ms CreateObjectMapping: 0.063459 ms MarkObjects: 2.802416 ms  DeleteObjects: 0.187000 ms)

AssetImportParameters requested are different than current active one (requested -> active):
  custom:video-decoder-ogg-theora: a1e56fd34408186e4bbccfd4996cb3dc -> 
  custom:container-muxer-webm: aa71ff27fc2769a1b78a27578f13a17b -> 
  custom:container-demuxer-webm: 4f35f7cbe854078d1ac9338744f61a02 -> 
  custom:video-encoder-webm-vp8: eb34c28f22e8b96e1ab97ce403110664 -> 
  custom:framework-osx-AVFoundation: e770b220cccbd017edd2c1fefb359320 -> 
  custom:audio-encoder-webm-vorbis: bf7c407c2cedff20999df2af8eb42d56 -> 
  custom:container-demuxer-ogg: 62fdf1f143b41e24485cea50d1cbac27 -> 
  custom:video-decoder-webm-vp8: 9c59270c3fd7afecdb556c50c9e8de78 -> 
  custom:audio-decoder-ogg-vorbis: bf7c407c2cedff20999df2af8eb42d56 -> 
========================================================================
Received Prepare
Registering precompiled user dll's ...
Registered in 0.002080 seconds.
Begin MonoManager ReloadAssembly
Thread 0x16def3000 may have been prematurely finalized
Symbol file LoadedFromMemory doesn't match image /Users/chlareinjoe/Documents/UnityProjects/TheTerrainL/Library/PackageCache/com.unity.visualscripting@1.7.8/Editor/VisualScripting.Core/Dependencies/YamlDotNet/Unity.VisualScripting.YamlDotNet.dll
Symbol file LoadedFromMemory doesn't match image /Users/chlareinjoe/Documents/UnityProjects/TheTerrainL/Library/PackageCache/com.unity.visualscripting@1.7.8/Editor/VisualScripting.Core/Dependencies/DotNetZip/Unity.VisualScripting.IonicZip.dll
Native extension for OSXStandalone target not found
Refreshing native plugins compatible for Editor in 0.87 ms, found 2 plugins.
Preloading 0 native plugins for Editor in 0.00 ms.
Mono: successfully reloaded assembly
- Completed reload, in  1.122 seconds
Domain Reload Profiling:
	ReloadAssembly (1123ms)
		BeginReloadAssembly (285ms)
			ExecutionOrderSort (0ms)
			DisableScriptedObjects (6ms)
			BackupInstance (0ms)
			ReleaseScriptingObjects (0ms)
			CreateAndSetChildDomain (112ms)
		EndReloadAssembly (761ms)
			LoadAssemblies (145ms)
			RebuildTransferFunctionScriptingTraits (0ms)
			SetupTypeCache (233ms)
			ReleaseScriptCaches (3ms)
			RebuildScriptCaches (31ms)
			SetupLoadedEditorAssemblies (293ms)
				LogAssemblyErrors (0ms)
				InitializePlatformSupportModulesInManaged (5ms)
				SetLoadedEditorAssemblies (0ms)
				RefreshPlugins (1ms)
				BeforeProcessingInitializeOnLoad (45ms)
				ProcessInitializeOnLoadAttributes (194ms)
				ProcessInitializeOnLoadMethodAttributes (47ms)
				AfterProcessingInitializeOnLoad (1ms)
				EditorAssembliesLoaded (0ms)
			ExecutionOrderSort2 (0ms)
			AwakeInstancesAfterBackupRestoration (5ms)
Platform modules already initialized, skipping
Refreshing native plugins compatible for Editor in 2.61 ms, found 2 plugins.
Preloading 0 native plugins for Editor in 0.00 ms.
Unloading 3753 Unused Serialized files (Serialized files now loaded: 0)
Unloading 40 unused Assets / (1.9 MB). Loaded Objects now: 4330.
Memory consumption went from 313.0 MB to 311.1 MB.
Total: 3.804583 ms (FindLiveObjects: 0.187375 ms CreateObjectMapping: 0.082625 ms MarkObjects: 3.327750 ms  DeleteObjects: 0.205666 ms)

AssetImportParameters requested are different than current active one (requested -> active):
  custom:video-decoder-ogg-theora: a1e56fd34408186e4bbccfd4996cb3dc -> 
  custom:container-muxer-webm: aa71ff27fc2769a1b78a27578f13a17b -> 
  custom:container-demuxer-webm: 4f35f7cbe854078d1ac9338744f61a02 -> 
  custom:video-encoder-webm-vp8: eb34c28f22e8b96e1ab97ce403110664 -> 
  custom:framework-osx-AVFoundation: e770b220cccbd017edd2c1fefb359320 -> 
  custom:audio-encoder-webm-vorbis: bf7c407c2cedff20999df2af8eb42d56 -> 
  custom:container-demuxer-ogg: 62fdf1f143b41e24485cea50d1cbac27 -> 
  custom:video-decoder-webm-vp8: 9c59270c3fd7afecdb556c50c9e8de78 -> 
  custom:audio-decoder-ogg-vorbis: bf7c407c2cedff20999df2af8eb42d56 -> 
========================================================================
Received Prepare
Registering precompiled user dll's ...
Registered in 0.003621 seconds.
Begin MonoManager ReloadAssembly
Thread 0x16def3000 may have been prematurely finalized
Symbol file LoadedFromMemory doesn't match image /Users/chlareinjoe/Documents/UnityProjects/TheTerrainL/Library/PackageCache/com.unity.visualscripting@1.7.8/Editor/VisualScripting.Core/Dependencies/YamlDotNet/Unity.VisualScripting.YamlDotNet.dll
Symbol file LoadedFromMemory doesn't match image /Users/chlareinjoe/Documents/UnityProjects/TheTerrainL/Library/PackageCache/com.unity.visualscripting@1.7.8/Editor/VisualScripting.Core/Dependencies/DotNetZip/Unity.VisualScripting.IonicZip.dll
Native extension for OSXStandalone target not found
Refreshing native plugins compatible for Editor in 0.95 ms, found 2 plugins.
Preloading 0 native plugins for Editor in 0.00 ms.
Mono: successfully reloaded assembly
- Completed reload, in  2.572 seconds
Domain Reload Profiling:
	ReloadAssembly (2595ms)
		BeginReloadAssembly (1209ms)
			ExecutionOrderSort (0ms)
			DisableScriptedObjects (33ms)
			BackupInstance (0ms)
			ReleaseScriptingObjects (0ms)
			CreateAndSetChildDomain (494ms)
		EndReloadAssembly (1288ms)
			LoadAssemblies (325ms)
			RebuildTransferFunctionScriptingTraits (0ms)
			SetupTypeCache (617ms)
			ReleaseScriptCaches (13ms)
			RebuildScriptCaches (40ms)
			SetupLoadedEditorAssemblies (394ms)
				LogAssemblyErrors (0ms)
				InitializePlatformSupportModulesInManaged (9ms)
				SetLoadedEditorAssemblies (2ms)
				RefreshPlugins (1ms)
				BeforeProcessingInitializeOnLoad (46ms)
				ProcessInitializeOnLoadAttributes (212ms)
				ProcessInitializeOnLoadMethodAttributes (123ms)
				AfterProcessingInitializeOnLoad (1ms)
				EditorAssembliesLoaded (1ms)
			ExecutionOrderSort2 (0ms)
			AwakeInstancesAfterBackupRestoration (6ms)
Platform modules already initialized, skipping
Refreshing native plugins compatible for Editor in 5.89 ms, found 2 plugins.
Preloading 0 native plugins for Editor in 0.00 ms.
Unloading 3754 Unused Serialized files (Serialized files now loaded: 0)
Unloading 39 unused Assets / (1.8 MB). Loaded Objects now: 4335.
Memory consumption went from 313.3 MB to 311.5 MB.
Total: 34.952209 ms (FindLiveObjects: 1.209625 ms CreateObjectMapping: 0.071958 ms MarkObjects: 32.743125 ms  DeleteObjects: 0.926709 ms)

AssetImportParameters requested are different than current active one (requested -> active):
  custom:video-decoder-ogg-theora: a1e56fd34408186e4bbccfd4996cb3dc -> 
  custom:container-muxer-webm: aa71ff27fc2769a1b78a27578f13a17b -> 
  custom:container-demuxer-webm: 4f35f7cbe854078d1ac9338744f61a02 -> 
  custom:video-encoder-webm-vp8: eb34c28f22e8b96e1ab97ce403110664 -> 
  custom:framework-osx-AVFoundation: e770b220cccbd017edd2c1fefb359320 -> 
  custom:audio-encoder-webm-vorbis: bf7c407c2cedff20999df2af8eb42d56 -> 
  custom:container-demuxer-ogg: 62fdf1f143b41e24485cea50d1cbac27 -> 
  custom:video-decoder-webm-vp8: 9c59270c3fd7afecdb556c50c9e8de78 -> 
  custom:audio-decoder-ogg-vorbis: bf7c407c2cedff20999df2af8eb42d56 -> 
========================================================================
Received Prepare
Registering precompiled user dll's ...
Registered in 0.014614 seconds.
Begin MonoManager ReloadAssembly
Thread 0x16def3000 may have been prematurely finalized
Symbol file LoadedFromMemory doesn't match image /Users/chlareinjoe/Documents/UnityProjects/TheTerrainL/Library/PackageCache/com.unity.visualscripting@1.7.8/Editor/VisualScripting.Core/Dependencies/YamlDotNet/Unity.VisualScripting.YamlDotNet.dll
Symbol file LoadedFromMemory doesn't match image /Users/chlareinjoe/Documents/UnityProjects/TheTerrainL/Library/PackageCache/com.unity.visualscripting@1.7.8/Editor/VisualScripting.Core/Dependencies/DotNetZip/Unity.VisualScripting.IonicZip.dll
Native extension for OSXStandalone target not found
Refreshing native plugins compatible for Editor in 9.08 ms, found 2 plugins.
Preloading 0 native plugins for Editor in 0.00 ms.
Mono: successfully reloaded assembly
- Completed reload, in  3.610 seconds
Domain Reload Profiling:
	ReloadAssembly (3612ms)
		BeginReloadAssembly (1755ms)
			ExecutionOrderSort (0ms)
			DisableScriptedObjects (88ms)
			BackupInstance (0ms)
			ReleaseScriptingObjects (0ms)
			CreateAndSetChildDomain (562ms)
		EndReloadAssembly (1706ms)
			LoadAssemblies (1059ms)
			RebuildTransferFunctionScriptingTraits (0ms)
			SetupTypeCache (651ms)
			ReleaseScriptCaches (30ms)
			RebuildScriptCaches (37ms)
			SetupLoadedEditorAssemblies (403ms)
				LogAssemblyErrors (0ms)
				InitializePlatformSupportModulesInManaged (8ms)
				SetLoadedEditorAssemblies (1ms)
				RefreshPlugins (9ms)
				BeforeProcessingInitializeOnLoad (64ms)
				ProcessInitializeOnLoadAttributes (204ms)
				ProcessInitializeOnLoadMethodAttributes (116ms)
				AfterProcessingInitializeOnLoad (1ms)
				EditorAssembliesLoaded (0ms)
			ExecutionOrderSort2 (0ms)
			AwakeInstancesAfterBackupRestoration (9ms)
Platform modules already initialized, skipping
Refreshing native plugins compatible for Editor in 11.96 ms, found 2 plugins.
Preloading 0 native plugins for Editor in 0.00 ms.
Unloading 3754 Unused Serialized files (Serialized files now loaded: 0)
Unloading 39 unused Assets / (1.8 MB). Loaded Objects now: 4339.
Memory consumption went from 313.6 MB to 311.8 MB.
Total: 18.863667 ms (FindLiveObjects: 0.144375 ms CreateObjectMapping: 0.065541 ms MarkObjects: 18.434084 ms  DeleteObjects: 0.219042 ms)

AssetImportParameters requested are different than current active one (requested -> active):
  custom:video-decoder-ogg-theora: a1e56fd34408186e4bbccfd4996cb3dc -> 
  custom:container-muxer-webm: aa71ff27fc2769a1b78a27578f13a17b -> 
  custom:container-demuxer-webm: 4f35f7cbe854078d1ac9338744f61a02 -> 
  custom:video-encoder-webm-vp8: eb34c28f22e8b96e1ab97ce403110664 -> 
  custom:framework-osx-AVFoundation: e770b220cccbd017edd2c1fefb359320 -> 
  custom:audio-encoder-webm-vorbis: bf7c407c2cedff20999df2af8eb42d56 -> 
  custom:container-demuxer-ogg: 62fdf1f143b41e24485cea50d1cbac27 -> 
  custom:video-decoder-webm-vp8: 9c59270c3fd7afecdb556c50c9e8de78 -> 
  custom:audio-decoder-ogg-vorbis: bf7c407c2cedff20999df2af8eb42d56 -> 
========================================================================
Received Prepare
Registering precompiled user dll's ...
Registered in 0.002311 seconds.
Begin MonoManager ReloadAssembly
Thread 0x16def3000 may have been prematurely finalized
Symbol file LoadedFromMemory doesn't match image /Users/chlareinjoe/Documents/UnityProjects/TheTerrainL/Library/PackageCache/com.unity.visualscripting@1.7.8/Editor/VisualScripting.Core/Dependencies/YamlDotNet/Unity.VisualScripting.YamlDotNet.dll
Symbol file LoadedFromMemory doesn't match image /Users/chlareinjoe/Documents/UnityProjects/TheTerrainL/Library/PackageCache/com.unity.visualscripting@1.7.8/Editor/VisualScripting.Core/Dependencies/DotNetZip/Unity.VisualScripting.IonicZip.dll
Native extension for OSXStandalone target not found
Refreshing native plugins compatible for Editor in 3.27 ms, found 2 plugins.
Preloading 0 native plugins for Editor in 0.00 ms.
Mono: successfully reloaded assembly
- Completed reload, in  4.797 seconds
Domain Reload Profiling:
	ReloadAssembly (4812ms)
		BeginReloadAssembly (1803ms)
			ExecutionOrderSort (0ms)
			DisableScriptedObjects (63ms)
			BackupInstance (0ms)
			ReleaseScriptingObjects (1ms)
			CreateAndSetChildDomain (792ms)
		EndReloadAssembly (2896ms)
			LoadAssemblies (911ms)
			RebuildTransferFunctionScriptingTraits (12ms)
			SetupTypeCache (901ms)
			ReleaseScriptCaches (71ms)
			RebuildScriptCaches (47ms)
			SetupLoadedEditorAssemblies (893ms)
				LogAssemblyErrors (0ms)
				InitializePlatformSupportModulesInManaged (20ms)
				SetLoadedEditorAssemblies (2ms)
				RefreshPlugins (3ms)
				BeforeProcessingInitializeOnLoad (59ms)
				ProcessInitializeOnLoadAttributes (600ms)
				ProcessInitializeOnLoadMethodAttributes (203ms)
				AfterProcessingInitializeOnLoad (1ms)
				EditorAssembliesLoaded (4ms)
			ExecutionOrderSort2 (0ms)
			AwakeInstancesAfterBackupRestoration (6ms)
Platform modules already initialized, skipping
Refreshing native plugins compatible for Editor in 4.08 ms, found 2 plugins.
Preloading 0 native plugins for Editor in 0.00 ms.
Unloading 3754 Unused Serialized files (Serialized files now loaded: 0)
Unloading 39 unused Assets / (1.8 MB). Loaded Objects now: 4343.
Memory consumption went from 313.9 MB to 312.1 MB.
Total: 16.600333 ms (FindLiveObjects: 0.355417 ms CreateObjectMapping: 0.078125 ms MarkObjects: 15.967916 ms  DeleteObjects: 0.197750 ms)

AssetImportParameters requested are different than current active one (requested -> active):
  custom:video-decoder-ogg-theora: a1e56fd34408186e4bbccfd4996cb3dc -> 
  custom:container-muxer-webm: aa71ff27fc2769a1b78a27578f13a17b -> 
  custom:container-demuxer-webm: 4f35f7cbe854078d1ac9338744f61a02 -> 
  custom:video-encoder-webm-vp8: eb34c28f22e8b96e1ab97ce403110664 -> 
  custom:framework-osx-AVFoundation: e770b220cccbd017edd2c1fefb359320 -> 
  custom:audio-encoder-webm-vorbis: bf7c407c2cedff20999df2af8eb42d56 -> 
  custom:container-demuxer-ogg: 62fdf1f143b41e24485cea50d1cbac27 -> 
  custom:video-decoder-webm-vp8: 9c59270c3fd7afecdb556c50c9e8de78 -> 
  custom:audio-decoder-ogg-vorbis: bf7c407c2cedff20999df2af8eb42d56 -> 
========================================================================
Received Import Request.
  Time since last request: 6455.964996 seconds.
  path: Assets/PRefabs/Particle System.prefab
  artifactKey: Guid(43303441c7a644f6caba50f0d5f6af65) Importer(815301076,1909f56bfc062723c751e8b465ee728b)
Start importing Assets/PRefabs/Particle System.prefab using Guid(43303441c7a644f6caba50f0d5f6af65) Importer(815301076,1909f56bfc062723c751e8b465ee728b)  -> (artifact id: '0ef538263e70fa0c896b7062aa1eaab6') in 2.109597 seconds 
========================================================================
Received Import Request.
  Time since last request: 361.424006 seconds.
  path: Assets/PRefabs/Player.prefab
  artifactKey: Guid(0c6bd459a35a84cf78ba0fc09e7a3470) Importer(815301076,1909f56bfc062723c751e8b465ee728b)
Start importing Assets/PRefabs/Player.prefab using Guid(0c6bd459a35a84cf78ba0fc09e7a3470) Importer(815301076,1909f56bfc062723c751e8b465ee728b)  -> (artifact id: '0b687aa4ee50c2902f9e4ee8081d34d0') in 1.225189 seconds 
========================================================================
Received Prepare
Registering precompiled user dll's ...
Registered in 0.012509 seconds.
Begin MonoManager ReloadAssembly
Thread 0x16def3000 may have been prematurely finalized
Symbol file LoadedFromMemory doesn't match image /Users/chlareinjoe/Documents/UnityProjects/TheTerrainL/Library/PackageCache/com.unity.visualscripting@1.7.8/Editor/VisualScripting.Core/Dependencies/YamlDotNet/Unity.VisualScripting.YamlDotNet.dll
Symbol file LoadedFromMemory doesn't match image /Users/chlareinjoe/Documents/UnityProjects/TheTerrainL/Library/PackageCache/com.unity.visualscripting@1.7.8/Editor/VisualScripting.Core/Dependencies/DotNetZip/Unity.VisualScripting.IonicZip.dll
Native extension for OSXStandalone target not found
Refreshing native plugins compatible for Editor in 1.13 ms, found 2 plugins.
Preloading 0 native plugins for Editor in 0.00 ms.
Mono: successfully reloaded assembly
- Completed reload, in  2.551 seconds
Domain Reload Profiling:
	ReloadAssembly (2552ms)
		BeginReloadAssembly (1119ms)
			ExecutionOrderSort (0ms)
			DisableScriptedObjects (26ms)
			BackupInstance (0ms)
			ReleaseScriptingObjects (0ms)
			CreateAndSetChildDomain (562ms)
		EndReloadAssembly (1346ms)
			LoadAssemblies (501ms)
			RebuildTransferFunctionScriptingTraits (1ms)
			SetupTypeCache (509ms)
			ReleaseScriptCaches (2ms)
			RebuildScriptCaches (38ms)
			SetupLoadedEditorAssemblies (384ms)
				LogAssemblyErrors (0ms)
				InitializePlatformSupportModulesInManaged (22ms)
				SetLoadedEditorAssemblies (4ms)
				RefreshPlugins (1ms)
				BeforeProcessingInitializeOnLoad (55ms)
				ProcessInitializeOnLoadAttributes (191ms)
				ProcessInitializeOnLoadMethodAttributes (111ms)
				AfterProcessingInitializeOnLoad (1ms)
				EditorAssembliesLoaded (0ms)
			ExecutionOrderSort2 (0ms)
			AwakeInstancesAfterBackupRestoration (10ms)
Platform modules already initialized, skipping
Refreshing native plugins compatible for Editor in 1.47 ms, found 2 plugins.
Preloading 0 native plugins for Editor in 0.00 ms.
Unloading 3754 Unused Serialized files (Serialized files now loaded: 0)
Unloading 42 unused Assets / (1.8 MB). Loaded Objects now: 4348.
Memory consumption went from 331.1 MB to 329.3 MB.
Total: 6.353500 ms (FindLiveObjects: 0.186208 ms CreateObjectMapping: 0.072959 ms MarkObjects: 5.899458 ms  DeleteObjects: 0.194292 ms)

AssetImportParameters requested are different than current active one (requested -> active):
  custom:video-decoder-ogg-theora: a1e56fd34408186e4bbccfd4996cb3dc -> 
  custom:container-muxer-webm: aa71ff27fc2769a1b78a27578f13a17b -> 
  custom:container-demuxer-webm: 4f35f7cbe854078d1ac9338744f61a02 -> 
  custom:video-encoder-webm-vp8: eb34c28f22e8b96e1ab97ce403110664 -> 
  custom:framework-osx-AVFoundation: e770b220cccbd017edd2c1fefb359320 -> 
  custom:audio-encoder-webm-vorbis: bf7c407c2cedff20999df2af8eb42d56 -> 
  custom:container-demuxer-ogg: 62fdf1f143b41e24485cea50d1cbac27 -> 
  custom:video-decoder-webm-vp8: 9c59270c3fd7afecdb556c50c9e8de78 -> 
  custom:audio-decoder-ogg-vorbis: bf7c407c2cedff20999df2af8eb42d56 -> 
========================================================================
Received Prepare
Registering precompiled user dll's ...
Registered in 0.002289 seconds.
Begin MonoManager ReloadAssembly
Thread 0x16def3000 may have been prematurely finalized
Symbol file LoadedFromMemory doesn't match image /Users/chlareinjoe/Documents/UnityProjects/TheTerrainL/Library/PackageCache/com.unity.visualscripting@1.7.8/Editor/VisualScripting.Core/Dependencies/YamlDotNet/Unity.VisualScripting.YamlDotNet.dll
Symbol file LoadedFromMemory doesn't match image /Users/chlareinjoe/Documents/UnityProjects/TheTerrainL/Library/PackageCache/com.unity.visualscripting@1.7.8/Editor/VisualScripting.Core/Dependencies/DotNetZip/Unity.VisualScripting.IonicZip.dll
Native extension for OSXStandalone target not found
Refreshing native plugins compatible for Editor in 0.86 ms, found 2 plugins.
Preloading 0 native plugins for Editor in 0.00 ms.
Mono: successfully reloaded assembly
- Completed reload, in  1.341 seconds
Domain Reload Profiling:
	ReloadAssembly (1343ms)
		BeginReloadAssembly (389ms)
			ExecutionOrderSort (0ms)
			DisableScriptedObjects (8ms)
			BackupInstance (0ms)
			ReleaseScriptingObjects (0ms)
			CreateAndSetChildDomain (173ms)
		EndReloadAssembly (867ms)
			LoadAssemblies (112ms)
			RebuildTransferFunctionScriptingTraits (0ms)
			SetupTypeCache (305ms)
			ReleaseScriptCaches (1ms)
			RebuildScriptCaches (31ms)
			SetupLoadedEditorAssemblies (316ms)
				LogAssemblyErrors (0ms)
				InitializePlatformSupportModulesInManaged (10ms)
				SetLoadedEditorAssemblies (0ms)
				RefreshPlugins (1ms)
				BeforeProcessingInitializeOnLoad (49ms)
				ProcessInitializeOnLoadAttributes (201ms)
				ProcessInitializeOnLoadMethodAttributes (54ms)
				AfterProcessingInitializeOnLoad (1ms)
				EditorAssembliesLoaded (0ms)
			ExecutionOrderSort2 (0ms)
			AwakeInstancesAfterBackupRestoration (4ms)
Platform modules already initialized, skipping
Refreshing native plugins compatible for Editor in 2.39 ms, found 2 plugins.
Preloading 0 native plugins for Editor in 0.00 ms.
Unloading 3754 Unused Serialized files (Serialized files now loaded: 0)
Unloading 39 unused Assets / (1.8 MB). Loaded Objects now: 4352.
Memory consumption went from 331.4 MB to 329.6 MB.
Total: 4.182375 ms (FindLiveObjects: 0.208333 ms CreateObjectMapping: 0.078459 ms MarkObjects: 3.568458 ms  DeleteObjects: 0.325750 ms)

AssetImportParameters requested are different than current active one (requested -> active):
  custom:video-decoder-ogg-theora: a1e56fd34408186e4bbccfd4996cb3dc -> 
  custom:container-muxer-webm: aa71ff27fc2769a1b78a27578f13a17b -> 
  custom:container-demuxer-webm: 4f35f7cbe854078d1ac9338744f61a02 -> 
  custom:video-encoder-webm-vp8: eb34c28f22e8b96e1ab97ce403110664 -> 
  custom:framework-osx-AVFoundation: e770b220cccbd017edd2c1fefb359320 -> 
  custom:audio-encoder-webm-vorbis: bf7c407c2cedff20999df2af8eb42d56 -> 
  custom:container-demuxer-ogg: 62fdf1f143b41e24485cea50d1cbac27 -> 
  custom:video-decoder-webm-vp8: 9c59270c3fd7afecdb556c50c9e8de78 -> 
  custom:audio-decoder-ogg-vorbis: bf7c407c2cedff20999df2af8eb42d56 -> 
========================================================================
Received Prepare
Registering precompiled user dll's ...
Registered in 0.001989 seconds.
Begin MonoManager ReloadAssembly
Thread 0x16def3000 may have been prematurely finalized
Symbol file LoadedFromMemory doesn't match image /Users/chlareinjoe/Documents/UnityProjects/TheTerrainL/Library/PackageCache/com.unity.visualscripting@1.7.8/Editor/VisualScripting.Core/Dependencies/YamlDotNet/Unity.VisualScripting.YamlDotNet.dll
Symbol file LoadedFromMemory doesn't match image /Users/chlareinjoe/Documents/UnityProjects/TheTerrainL/Library/PackageCache/com.unity.visualscripting@1.7.8/Editor/VisualScripting.Core/Dependencies/DotNetZip/Unity.VisualScripting.IonicZip.dll
Native extension for OSXStandalone target not found
Refreshing native plugins compatible for Editor in 0.81 ms, found 2 plugins.
Preloading 0 native plugins for Editor in 0.00 ms.
Mono: successfully reloaded assembly
- Completed reload, in  1.443 seconds
Domain Reload Profiling:
	ReloadAssembly (1444ms)
		BeginReloadAssembly (310ms)
			ExecutionOrderSort (0ms)
			DisableScriptedObjects (6ms)
			BackupInstance (0ms)
			ReleaseScriptingObjects (0ms)
			CreateAndSetChildDomain (159ms)
		EndReloadAssembly (1043ms)
			LoadAssemblies (105ms)
			RebuildTransferFunctionScriptingTraits (0ms)
			SetupTypeCache (300ms)
			ReleaseScriptCaches (64ms)
			RebuildScriptCaches (31ms)
			SetupLoadedEditorAssemblies (417ms)
				LogAssemblyErrors (0ms)
				InitializePlatformSupportModulesInManaged (5ms)
				SetLoadedEditorAssemblies (0ms)
				RefreshPlugins (1ms)
				BeforeProcessingInitializeOnLoad (47ms)
				ProcessInitializeOnLoadAttributes (234ms)
				ProcessInitializeOnLoadMethodAttributes (128ms)
				AfterProcessingInitializeOnLoad (1ms)
				EditorAssembliesLoaded (0ms)
			ExecutionOrderSort2 (0ms)
			AwakeInstancesAfterBackupRestoration (3ms)
Platform modules already initialized, skipping
Refreshing native plugins compatible for Editor in 6.99 ms, found 2 plugins.
Preloading 0 native plugins for Editor in 0.00 ms.
Unloading 3754 Unused Serialized files (Serialized files now loaded: 0)
Unloading 39 unused Assets / (1.8 MB). Loaded Objects now: 4356.
Memory consumption went from 331.5 MB to 329.7 MB.
Total: 28.821417 ms (FindLiveObjects: 1.268708 ms CreateObjectMapping: 0.106333 ms MarkObjects: 26.955959 ms  DeleteObjects: 0.488375 ms)

AssetImportParameters requested are different than current active one (requested -> active):
  custom:video-decoder-ogg-theora: a1e56fd34408186e4bbccfd4996cb3dc -> 
  custom:container-muxer-webm: aa71ff27fc2769a1b78a27578f13a17b -> 
  custom:container-demuxer-webm: 4f35f7cbe854078d1ac9338744f61a02 -> 
  custom:video-encoder-webm-vp8: eb34c28f22e8b96e1ab97ce403110664 -> 
  custom:framework-osx-AVFoundation: e770b220cccbd017edd2c1fefb359320 -> 
  custom:audio-encoder-webm-vorbis: bf7c407c2cedff20999df2af8eb42d56 -> 
  custom:container-demuxer-ogg: 62fdf1f143b41e24485cea50d1cbac27 -> 
  custom:video-decoder-webm-vp8: 9c59270c3fd7afecdb556c50c9e8de78 -> 
  custom:audio-decoder-ogg-vorbis: bf7c407c2cedff20999df2af8eb42d56 -> 
========================================================================
Received Prepare
Registering precompiled user dll's ...
Registered in 0.002222 seconds.
Begin MonoManager ReloadAssembly
Thread 0x2927ab000 may have been prematurely finalized
Symbol file LoadedFromMemory doesn't match image /Users/chlareinjoe/Documents/UnityProjects/TheTerrainL/Library/PackageCache/com.unity.visualscripting@1.7.8/Editor/VisualScripting.Core/Dependencies/YamlDotNet/Unity.VisualScripting.YamlDotNet.dll
Symbol file LoadedFromMemory doesn't match image /Users/chlareinjoe/Documents/UnityProjects/TheTerrainL/Library/PackageCache/com.unity.visualscripting@1.7.8/Editor/VisualScripting.Core/Dependencies/DotNetZip/Unity.VisualScripting.IonicZip.dll
Native extension for OSXStandalone target not found
Refreshing native plugins compatible for Editor in 0.77 ms, found 2 plugins.
Preloading 0 native plugins for Editor in 0.00 ms.
Mono: successfully reloaded assembly
- Completed reload, in  1.481 seconds
Domain Reload Profiling:
	ReloadAssembly (1483ms)
		BeginReloadAssembly (340ms)
			ExecutionOrderSort (0ms)
			DisableScriptedObjects (12ms)
			BackupInstance (0ms)
			ReleaseScriptingObjects (0ms)
			CreateAndSetChildDomain (134ms)
		EndReloadAssembly (1055ms)
			LoadAssemblies (314ms)
			RebuildTransferFunctionScriptingTraits (0ms)
			SetupTypeCache (281ms)
			ReleaseScriptCaches (3ms)
			RebuildScriptCaches (42ms)
			SetupLoadedEditorAssemblies (348ms)
				LogAssemblyErrors (0ms)
				InitializePlatformSupportModulesInManaged (6ms)
				SetLoadedEditorAssemblies (0ms)
				RefreshPlugins (1ms)
				BeforeProcessingInitializeOnLoad (45ms)
				ProcessInitializeOnLoadAttributes (220ms)
				ProcessInitializeOnLoadMethodAttributes (76ms)
				AfterProcessingInitializeOnLoad (1ms)
				EditorAssembliesLoaded (0ms)
			ExecutionOrderSort2 (0ms)
			AwakeInstancesAfterBackupRestoration (3ms)
Platform modules already initialized, skipping
Refreshing native plugins compatible for Editor in 2.12 ms, found 2 plugins.
Preloading 0 native plugins for Editor in 0.00 ms.
Unloading 3754 Unused Serialized files (Serialized files now loaded: 0)
Unloading 39 unused Assets / (1.8 MB). Loaded Objects now: 4360.
Memory consumption went from 331.9 MB to 330.1 MB.
Total: 10.546833 ms (FindLiveObjects: 0.210083 ms CreateObjectMapping: 0.077167 ms MarkObjects: 9.418458 ms  DeleteObjects: 0.835458 ms)

AssetImportParameters requested are different than current active one (requested -> active):
  custom:video-decoder-ogg-theora: a1e56fd34408186e4bbccfd4996cb3dc -> 
  custom:container-muxer-webm: aa71ff27fc2769a1b78a27578f13a17b -> 
  custom:container-demuxer-webm: 4f35f7cbe854078d1ac9338744f61a02 -> 
  custom:video-encoder-webm-vp8: eb34c28f22e8b96e1ab97ce403110664 -> 
  custom:framework-osx-AVFoundation: e770b220cccbd017edd2c1fefb359320 -> 
  custom:audio-encoder-webm-vorbis: bf7c407c2cedff20999df2af8eb42d56 -> 
  custom:container-demuxer-ogg: 62fdf1f143b41e24485cea50d1cbac27 -> 
  custom:video-decoder-webm-vp8: 9c59270c3fd7afecdb556c50c9e8de78 -> 
  custom:audio-decoder-ogg-vorbis: bf7c407c2cedff20999df2af8eb42d56 -> 
